p:\visual studio programy\csg generator\x64\debug\vc143.pdb
p:\visual studio programy\csg generator\x64\debug\vc143.idb
p:\visual studio programy\csg generator\x64\debug\csg.obj
p:\visual studio programy\csg generator\x64\debug\csg generator.obj
p:\visual studio programy\csg generator\x64\debug\csg generator.pdb
p:\visual studio programy\csg generator\x64\debug\csg generator.tlog\cl.command.1.tlog
p:\visual studio programy\csg generator\x64\debug\csg generator.tlog\cl.read.1.tlog
p:\visual studio programy\csg generator\x64\debug\csg generator.tlog\cl.write.1.tlog
p:\visual studio programy\csg generator\x64\debug\csg generator.tlog\link-cvtres.read.1.tlog
p:\visual studio programy\csg generator\x64\debug\csg generator.tlog\link-cvtres.write.1.tlog
p:\visual studio programy\csg generator\x64\debug\csg generator.tlog\link-rc.read.1.tlog
p:\visual studio programy\csg generator\x64\debug\csg generator.tlog\link-rc.write.1.tlog
p:\visual studio programy\csg generator\x64\debug\csg generator.tlog\link.21920-cvtres.read.1.tlog
p:\visual studio programy\csg generator\x64\debug\csg generator.tlog\link.21920-cvtres.write.1.tlog
p:\visual studio programy\csg generator\x64\debug\csg generator.tlog\link.21920-rc.read.1.tlog
p:\visual studio programy\csg generator\x64\debug\csg generator.tlog\link.21920-rc.write.1.tlog
p:\visual studio programy\csg generator\x64\debug\csg generator.tlog\link.21920.read.1.tlog
p:\visual studio programy\csg generator\x64\debug\csg generator.tlog\link.21920.read.2.tlog
p:\visual studio programy\csg generator\x64\debug\csg generator.tlog\link.21920.write.1.tlog
p:\visual studio programy\csg generator\x64\debug\csg generator.tlog\link.command.1.tlog
p:\visual studio programy\csg generator\x64\debug\csg generator.tlog\link.read.1.tlog
p:\visual studio programy\csg generator\x64\debug\csg generator.tlog\link.read.2.tlog
p:\visual studio programy\csg generator\x64\debug\csg generator.tlog\link.write.1.tlog
