p:\visual studio programy\hex\x64\debug\vc143.pdb
p:\visual studio programy\hex\x64\debug\vc143.idb
p:\visual studio programy\hex\x64\debug\hex.nativecodeanalysis.sarif
p:\visual studio programy\hex\x64\debug\hex.nativecodeanalysis.xml
p:\visual studio programy\hex\x64\debug\hexboard.nativecodeanalysis.sarif
p:\visual studio programy\hex\x64\debug\hexboard.nativecodeanalysis.xml
p:\visual studio programy\hex\x64\debug\hexboardloader.nativecodeanalysis.sarif
p:\visual studio programy\hex\x64\debug\hexboardloader.nativecodeanalysis.xml
p:\visual studio programy\hex\x64\debug\hexcoord.nativecodeanalysis.sarif
p:\visual studio programy\hex\x64\debug\hexcoord.nativecodeanalysis.xml
p:\visual studio programy\hex\x64\debug\hexminimax.nativecodeanalysis.sarif
p:\visual studio programy\hex\x64\debug\hexminimax.nativecodeanalysis.xml
p:\visual studio programy\hex\x64\debug\hexpathfinder.nativecodeanalysis.sarif
p:\visual studio programy\hex\x64\debug\hexpathfinder.nativecodeanalysis.xml
p:\visual studio programy\hex\x64\debug\hexpathfinder.obj
p:\visual studio programy\hex\x64\debug\hexminimax.obj
p:\visual studio programy\hex\x64\debug\hexcoord.obj
p:\visual studio programy\hex\x64\debug\hexboardloader.obj
p:\visual studio programy\hex\x64\debug\hexboard.obj
p:\visual studio programy\hex\x64\debug\hex.obj
p:\visual studio programy\hex\x64\debug\hex.ilk
p:\visual studio programy\hex\x64\debug\hex.exe
p:\visual studio programy\hex\x64\debug\hex.pdb
p:\visual studio programy\hex\x64\debug\vc.nativecodeanalysis.all.xml
p:\visual studio programy\hex\x64\debug\hex.tlog\cl.command.1.tlog
p:\visual studio programy\hex\x64\debug\hex.tlog\cl.read.1.tlog
p:\visual studio programy\hex\x64\debug\hex.tlog\cl.write.1.tlog
p:\visual studio programy\hex\x64\debug\hex.tlog\link.command.1.tlog
p:\visual studio programy\hex\x64\debug\hex.tlog\link.read.1.tlog
p:\visual studio programy\hex\x64\debug\hex.tlog\link.write.1.tlog
