  main.cpp
P:\Visual Studio Programy\SFML wowo ćwiczonka z c++ wowo\Shapes.h(32,44): warning C4244: "argument": konwersja z "double" do "T", możliwa utrata danych
          with
          [
              T=float
          ]
P:\Visual Studio Programy\SFML wowo ćwiczonka z c++ wowo\Shapes.h(32,31): warning C4244: "argument": konwersja z "double" do "T", możliwa utrata danych
          with
          [
              T=float
          ]
P:\Visual Studio Programy\SFML wowo ćwiczonka z c++ wowo\Shapes.h(59,1): warning C4305: "argument": obcięcie z "double" do "T"
          with
          [
              T=float
          ]
P:\Visual Studio Programy\SFML wowo ćwiczonka z c++ wowo\Shapes.h(60,1): warning C4305: "argument": obcięcie z "double" do "T"
          with
          [
              T=float
          ]
P:\Visual Studio Programy\SFML wowo ćwiczonka z c++ wowo\Shapes.h(63,1): warning C4305: "argument": obcięcie z "double" do "T"
          with
          [
              T=float
          ]
P:\Visual Studio Programy\SFML wowo ćwiczonka z c++ wowo\Shapes.h(64,1): warning C4305: "argument": obcięcie z "double" do "T"
          with
          [
              T=float
          ]
P:\Visual Studio Programy\SFML wowo ćwiczonka z c++ wowo\Shapes.h(87,92): warning C4244: "argument": konwersja z "unsigned int" do "float", możliwa utrata danych
P:\Visual Studio Programy\SFML wowo ćwiczonka z c++ wowo\Shapes.h(141,15): warning C4244: "inicjowanie": konwersja z "double" do "float", możliwa utrata danych
P:\Visual Studio Programy\SFML wowo ćwiczonka z c++ wowo\Shapes.h(160,8): warning C4244: "inicjowanie": konwersja z "double" do "int", możliwa utrata danych
P:\Visual Studio Programy\SFML wowo ćwiczonka z c++ wowo\Abstraction.h(76,13): warning C4018: ">=": niezgodność typu ze znakiem/bez znaku
P:\Visual Studio Programy\SFML wowo ćwiczonka z c++ wowo\Abstraction.h(143,41): warning C4244: "argument": konwersja z "int" do "float", możliwa utrata danych
P:\Visual Studio Programy\SFML wowo ćwiczonka z c++ wowo\Abstraction.h(150,29): warning C4244: "argument": konwersja z "int" do "float", możliwa utrata danych
P:\Visual Studio Programy\SFML wowo ćwiczonka z c++ wowo\Abstraction.h(161,41): warning C4244: "argument": konwersja z "int" do "float", możliwa utrata danych
P:\Visual Studio Programy\SFML wowo ćwiczonka z c++ wowo\Abstraction.h(260,58): warning C4244: "argument": konwersja z "int" do "T", możliwa utrata danych
          with
          [
              T=float
          ]
P:\Visual Studio Programy\SFML wowo ćwiczonka z c++ wowo\Abstraction.h(282,10): warning C4244: "inicjowanie": konwersja z "T" do "int", możliwa utrata danych
          with
          [
              T=float
          ]
P:\Visual Studio Programy\SFML wowo ćwiczonka z c++ wowo\Abstraction.h(288,32): warning C4244: "argument": konwersja z "int" do "T", możliwa utrata danych
          with
          [
              T=float
          ]
P:\Visual Studio Programy\SFML wowo ćwiczonka z c++ wowo\Abstraction.h(300,58): warning C4244: "argument": konwersja z "int" do "T", możliwa utrata danych
          with
          [
              T=float
          ]
P:\Visual Studio Programy\SFML wowo ćwiczonka z c++ wowo\Abstraction.h(323,10): warning C4244: "inicjowanie": konwersja z "T" do "int", możliwa utrata danych
          with
          [
              T=float
          ]
P:\Visual Studio Programy\SFML wowo ćwiczonka z c++ wowo\Abstraction.h(329,42): warning C4244: "argument": konwersja z "int" do "T", możliwa utrata danych
          with
          [
              T=float
          ]
P:\Visual Studio Programy\SFML wowo ćwiczonka z c++ wowo\Functions.h(29,23): warning C4244: "=": konwersja z "double" do "T", możliwa utrata danych
          with
          [
              T=float
          ]
P:\Visual Studio Programy\SFML wowo ćwiczonka z c++ wowo\Functions.h(30,23): warning C4244: "=": konwersja z "double" do "T", możliwa utrata danych
          with
          [
              T=float
          ]
P:\Visual Studio Programy\SFML wowo ćwiczonka z c++ wowo\Functions.h(41,21): warning C4018: "<": niezgodność typu ze znakiem/bez znaku
  SFML wowo ćwiczonka z c++ wowo.vcxproj -> P:\Visual Studio Programy\SFML wowo ćwiczonka z c++ wowo\Debug\SFML wowo ćwiczonka z c++ wowo.exe
